# JRE version: Java(TM) SE Runtime Environment (25.0.2+10) (build 25.0.2+10-LTS-69)
# Java VM: Java HotSpot(TM) 64-Bit Server VM (25.0.2+10-LTS-69, mixed mode, sharing, tiered, compressed oops, compressed class ptrs, g1 gc, windows-amd64)
GC Precious Log:
 CardTable entry size: 512
 Card Set container configuration: InlinePtr #cards 5 size 8 Array Of Cards #cards 10 size 36 Howl #buckets 4 coarsen threshold 1843 Howl Bitmap #cards 512 size 80 coarsen threshold 460 Card regions per heap region 1 cards per card region 2048
 CPUs: 4 total, 4 available
 Memory: 8067M
 Large Page Support: Disabled
 NUMA Support: Disabled
 Compressed Oops: Enabled (32-bit)
 Heap Region Size: 1M
 Heap Min Capacity: 8M
 Heap Initial Capacity: 128M
 Heap Max Capacity: 2018M
 Pre-touch: Disabled
 Parallel Workers: 4
 Concurrent Workers: 1
 Concurrent Refinement Workers: 4
 Periodic GC: Disabled
Heap:
 garbage-first heap   total reserved 2066432K, committed 60416K, used 42745K [0x0000000081e00000, 0x0000000100000000)
  region size 1024K, 14 young (14336K), 4 survivors (4096K)
GC Heap Usage History (20 events):
Event: 8.038 {heap Before GC invocations=7 (full 0):
 garbage-first heap   total reserved 2066432K, committed 48128K, used 37945K [0x0000000081e00000, 0x0000000100000000)
  region size 1024K, 21 young (21504K), 3 survivors (3072K)
}
Event: 8.053 {heap After GC invocations=8 (full 0):
 garbage-first heap   total reserved 2066432K, committed 48128K, used 21575K [0x0000000081e00000, 0x0000000100000000)
  region size 1024K, 2 young (2048K), 2 survivors (2048K)
}
Event: 8.165 {heap Before GC invocations=8 (full 0):
 garbage-first heap   total reserved 2066432K, committed 48128K, used 22599K [0x0000000081e00000, 0x0000000100000000)
  region size 1024K, 4 young (4096K), 2 survivors (2048K)
}
Event: 8.172 {heap After GC invocations=9 (full 0):
 garbage-first heap   total reserved 2066432K, committed 48128K, used 21665K [0x0000000081e00000, 0x0000000100000000)
  region size 1024K, 2 young (2048K), 2 survivors (2048K)
}
Event: 9.128 {heap Before GC invocations=10 (full 0):
 garbage-first heap   total reserved 2066432K, committed 48128K, used 39073K [0x0000000081e00000, 0x0000000100000000)
  region size 1024K, 20 young (20480K), 2 survivors (2048K)
}
Event: 9.139 {heap After GC invocations=11 (full 0):
 garbage-first heap   total reserved 2066432K, committed 48128K, used 23540K [0x0000000081e00000, 0x0000000100000000)
  region size 1024K, 3 young (3072K), 3 survivors (3072K)
}
Event: 9.832 {heap Before GC invocations=11 (full 0):
 garbage-first heap   total reserved 2066432K, committed 48128K, used 41972K [0x0000000081e00000, 0x0000000100000000)
  region size 1024K, 20 young (20480K), 3 survivors (3072K)
}
Event: 9.843 {heap After GC invocations=12 (full 0):
 garbage-first heap   total reserved 2066432K, committed 58368K, used 26015K [0x0000000081e00000, 0x0000000100000000)
  region size 1024K, 1 young (1024K), 1 survivors (1024K)
}
Event: 11.462 {heap Before GC invocations=12 (full 0):
 garbage-first heap   total reserved 2066432K, committed 58368K, used 49567K [0x0000000081e00000, 0x0000000100000000)
  region size 1024K, 24 young (24576K), 1 survivors (1024K)
}
Event: 11.470 {heap After GC invocations=13 (full 0):
 garbage-first heap   total reserved 2066432K, committed 58368K, used 27573K [0x0000000081e00000, 0x0000000100000000)
  region size 1024K, 3 young (3072K), 3 survivors (3072K)
}
Event: 12.384 {heap Before GC invocations=13 (full 0):
 garbage-first heap   total reserved 2066432K, committed 58368K, used 49077K [0x0000000081e00000, 0x0000000100000000)
  region size 1024K, 25 young (25600K), 3 survivors (3072K)
}
Event: 12.394 {heap After GC invocations=14 (full 0):
 garbage-first heap   total reserved 2066432K, committed 58368K, used 28662K [0x0000000081e00000, 0x0000000100000000)
  region size 1024K, 3 young (3072K), 3 survivors (3072K)
}
Event: 13.289 {heap Before GC invocations=14 (full 0):
 garbage-first heap   total reserved 2066432K, committed 58368K, used 49142K [0x0000000081e00000, 0x0000000100000000)
  region size 1024K, 25 young (25600K), 3 survivors (3072K)
}
Event: 13.300 {heap After GC invocations=15 (full 0):
 garbage-first heap   total reserved 2066432K, committed 58368K, used 29512K [0x0000000081e00000, 0x0000000100000000)
  region size 1024K, 2 young (2048K), 2 survivors (2048K)
}
Event: 14.615 {heap Before GC invocations=16 (full 0):
 garbage-first heap   total reserved 2066432K, committed 58368K, used 52040K [0x0000000081e00000, 0x0000000100000000)
  region size 1024K, 25 young (25600K), 2 survivors (2048K)
}
Event: 14.625 {heap After GC invocations=17 (full 0):
 garbage-first heap   total reserved 2066432K, committed 58368K, used 30230K [0x0000000081e00000, 0x0000000100000000)
  region size 1024K, 3 young (3072K), 3 survivors (3072K)
}
Event: 15.771 {heap Before GC invocations=17 (full 0):
 garbage-first heap   total reserved 2066432K, committed 58368K, used 52758K [0x0000000081e00000, 0x0000000100000000)
  region size 1024K, 25 young (25600K), 3 survivors (3072K)
}
Event: 15.788 {heap After GC invocations=18 (full 0):
 garbage-first heap   total reserved 2066432K, committed 59392K, used 31958K [0x0000000081e00000, 0x0000000100000000)
  region size 1024K, 4 young (4096K), 4 survivors (4096K)
}
Event: 16.895 {heap Before GC invocations=18 (full 0):
 garbage-first heap   total reserved 2066432K, committed 59392K, used 53462K [0x0000000081e00000, 0x0000000100000000)
  region size 1024K, 25 young (25600K), 4 survivors (4096K)
}
Event: 16.912 {heap After GC invocations=19 (full 0):
 garbage-first heap   total reserved 2066432K, committed 60416K, used 33529K [0x0000000081e00000, 0x0000000100000000)
  region size 1024K, 4 young (4096K), 4 survivors (4096K)
}

